----------------------------------------
19-08-2020 8.59.42 PM
   at System.Data.Common.DbConnectionOptions.GetKeyValuePair(String connectionString, Int32 currentPosition, StringBuilder buffer, Boolean useOdbcRules, String& keyname, String& keyvalue)
   at System.Data.Common.DbConnectionOptions.ParseInternal(Dictionary`2 parsetable, String connectionString, Boolean buildChain, Dictionary`2 synonyms, Boolean firstKey)
   at System.Data.Common.DbConnectionOptions..ctor(String connectionString, Dictionary`2 synonyms)
   at System.Data.SqlClient.SqlConnectionString..ctor(String connectionString)
   at System.Data.SqlClient.SqlConnectionFactory.CreateConnectionOptions(String connectionString, DbConnectionOptions previous)
   at System.Data.ProviderBase.DbConnectionFactory.GetConnectionPoolGroup(DbConnectionPoolKey key, DbConnectionPoolGroupOptions poolOptions, DbConnectionOptions& userConnectionOptions)
   at System.Data.SqlClient.SqlConnection.ConnectionString_Set(DbConnectionPoolKey key)
   at System.Data.SqlClient.SqlConnection.set_ConnectionString(String value)
   at System.Data.SqlClient.SqlConnection..ctor(String connectionString)
   at Microsoft.EntityFrameworkCore.SqlServer.Storage.Internal.SqlServerConnection.CreateDbConnection()
   at Microsoft.EntityFrameworkCore.Internal.LazyRef`1.get_Value()
   at Microsoft.EntityFrameworkCore.Storage.RelationalConnection.get_DbConnection()
   at Microsoft.EntityFrameworkCore.Storage.RelationalConnection.Open(Boolean errorsExpected)
   at Microsoft.EntityFrameworkCore.SqlServer.Storage.Internal.SqlServerExecutionStrategy.Execute[TState,TResult](TState state, Func`3 operation, Func`3 verifySucceeded)
   at Microsoft.EntityFrameworkCore.Query.Internal.LinqOperatorProvider._TrackEntities[TOut,TIn](IEnumerable`1 results, QueryContext queryContext, IList`1 entityTrackingInfos, IList`1 entityAccessors)+MoveNext()
   at System.Collections.Generic.List`1..ctor(IEnumerable`1 collection)
   at System.Linq.Enumerable.ToList[TSource](IEnumerable`1 source)
   at DataLayer.Data.UserData.GetUsers() in C:\Users\srika\Downloads\E\NgCore\NgCoreJwtProj\DataLayer\Data\UserData.cs:line 60
----------------------------------------
19-08-2020 9.07.45 PM
   at System.Data.Common.DbConnectionOptions.GetKeyValuePair(String connectionString, Int32 currentPosition, StringBuilder buffer, Boolean useOdbcRules, String& keyname, String& keyvalue)
   at System.Data.Common.DbConnectionOptions.ParseInternal(Dictionary`2 parsetable, String connectionString, Boolean buildChain, Dictionary`2 synonyms, Boolean firstKey)
   at System.Data.Common.DbConnectionOptions..ctor(String connectionString, Dictionary`2 synonyms)
   at System.Data.SqlClient.SqlConnectionString..ctor(String connectionString)
   at System.Data.SqlClient.SqlConnectionFactory.CreateConnectionOptions(String connectionString, DbConnectionOptions previous)
   at System.Data.ProviderBase.DbConnectionFactory.GetConnectionPoolGroup(DbConnectionPoolKey key, DbConnectionPoolGroupOptions poolOptions, DbConnectionOptions& userConnectionOptions)
   at System.Data.SqlClient.SqlConnection.ConnectionString_Set(DbConnectionPoolKey key)
   at System.Data.SqlClient.SqlConnection.set_ConnectionString(String value)
   at System.Data.SqlClient.SqlConnection..ctor(String connectionString)
   at Microsoft.EntityFrameworkCore.SqlServer.Storage.Internal.SqlServerConnection.CreateDbConnection()
   at Microsoft.EntityFrameworkCore.Internal.LazyRef`1.get_Value()
   at Microsoft.EntityFrameworkCore.Storage.RelationalConnection.get_DbConnection()
   at Microsoft.EntityFrameworkCore.Storage.RelationalConnection.Open(Boolean errorsExpected)
   at Microsoft.EntityFrameworkCore.SqlServer.Storage.Internal.SqlServerExecutionStrategy.Execute[TState,TResult](TState state, Func`3 operation, Func`3 verifySucceeded)
   at Microsoft.EntityFrameworkCore.Query.Internal.LinqOperatorProvider._TrackEntities[TOut,TIn](IEnumerable`1 results, QueryContext queryContext, IList`1 entityTrackingInfos, IList`1 entityAccessors)+MoveNext()
   at System.Collections.Generic.List`1..ctor(IEnumerable`1 collection)
   at System.Linq.Enumerable.ToList[TSource](IEnumerable`1 source)
   at DataLayer.Data.UserData.GetUsers() in C:\Users\srika\Downloads\E\NgCore\NgCoreJwtProj\DataLayer\Data\UserData.cs:line 60
