----------------------------------------
18-07-2019 15:32:02
System.InvalidOperationException: The ConnectionString property has not been initialized.
   at System.Data.SqlClient.SqlConnection.PermissionDemand()
   at System.Data.SqlClient.SqlConnectionFactory.PermissionDemand(DbConnection outerConnection)
   at System.Data.ProviderBase.DbConnectionInternal.TryOpenConnectionInternal(DbConnection outerConnection, DbConnectionFactory connectionFactory, TaskCompletionSource`1 retry, DbConnectionOptions userOptions)
   at System.Data.ProviderBase.DbConnectionClosed.TryOpenConnection(DbConnection outerConnection, DbConnectionFactory connectionFactory, TaskCompletionSource`1 retry, DbConnectionOptions userOptions)
   at System.Data.SqlClient.SqlConnection.TryOpen(TaskCompletionSource`1 retry)
   at System.Data.SqlClient.SqlConnection.Open()
   at Dapper.SqlMapper.QueryMultipleImpl(IDbConnection cnn, CommandDefinition& command) in C:\projects\dapper\Dapper\SqlMapper.cs:line 1020
   at Dapper.SqlMapper.QueryMultiple(IDbConnection cnn, String sql, Object param, IDbTransaction transaction, Nullable`1 commandTimeout, Nullable`1 commandType) in C:\projects\dapper\Dapper\SqlMapper.cs:line 998
   at DataLayer.Data.UserData.GetUserswithDapper() in E:\NgCore\NgCoreJwtProj\DataLayer\Data\UserData.cs:line 101
   at NgCoreJwtProj.Controllers.UserController.GetUserswithDapper() in E:\NgCore\NgCoreJwtProj\NgCoreJwtProj\Controllers\UserController.cs:line 68
----------------------------------------
18-07-2019 15:34:12
System.InvalidOperationException: The ConnectionString property has not been initialized.
   at System.Data.SqlClient.SqlConnection.PermissionDemand()
   at System.Data.SqlClient.SqlConnectionFactory.PermissionDemand(DbConnection outerConnection)
   at System.Data.ProviderBase.DbConnectionInternal.TryOpenConnectionInternal(DbConnection outerConnection, DbConnectionFactory connectionFactory, TaskCompletionSource`1 retry, DbConnectionOptions userOptions)
   at System.Data.ProviderBase.DbConnectionClosed.TryOpenConnection(DbConnection outerConnection, DbConnectionFactory connectionFactory, TaskCompletionSource`1 retry, DbConnectionOptions userOptions)
   at System.Data.SqlClient.SqlConnection.TryOpen(TaskCompletionSource`1 retry)
   at System.Data.SqlClient.SqlConnection.Open()
   at Dapper.SqlMapper.QueryMultipleImpl(IDbConnection cnn, CommandDefinition& command) in C:\projects\dapper\Dapper\SqlMapper.cs:line 1020
   at Dapper.SqlMapper.QueryMultiple(IDbConnection cnn, String sql, Object param, IDbTransaction transaction, Nullable`1 commandTimeout, Nullable`1 commandType) in C:\projects\dapper\Dapper\SqlMapper.cs:line 998
   at DataLayer.Data.UserData.GetUserswithDapper() in E:\NgCore\NgCoreJwtProj\DataLayer\Data\UserData.cs:line 99
   at NgCoreJwtProj.Controllers.UserController.GetUserswithDapper() in E:\NgCore\NgCoreJwtProj\NgCoreJwtProj\Controllers\UserController.cs:line 68
----------------------------------------
18-07-2019 15:50:17
System.InvalidOperationException: The ConnectionString property has not been initialized.
   at System.Data.SqlClient.SqlConnection.PermissionDemand()
   at System.Data.SqlClient.SqlConnectionFactory.PermissionDemand(DbConnection outerConnection)
   at System.Data.ProviderBase.DbConnectionInternal.TryOpenConnectionInternal(DbConnection outerConnection, DbConnectionFactory connectionFactory, TaskCompletionSource`1 retry, DbConnectionOptions userOptions)
   at System.Data.ProviderBase.DbConnectionClosed.TryOpenConnection(DbConnection outerConnection, DbConnectionFactory connectionFactory, TaskCompletionSource`1 retry, DbConnectionOptions userOptions)
   at System.Data.SqlClient.SqlConnection.TryOpen(TaskCompletionSource`1 retry)
   at System.Data.SqlClient.SqlConnection.Open()
   at Dapper.SqlMapper.QueryMultipleImpl(IDbConnection cnn, CommandDefinition& command) in C:\projects\dapper\Dapper\SqlMapper.cs:line 1020
   at Dapper.SqlMapper.QueryMultiple(IDbConnection cnn, String sql, Object param, IDbTransaction transaction, Nullable`1 commandTimeout, Nullable`1 commandType) in C:\projects\dapper\Dapper\SqlMapper.cs:line 998
   at DataLayer.Data.UserData.GetUserswithDapper() in E:\NgCore\NgCoreJwtProj\DataLayer\Data\UserData.cs:line 99
   at NgCoreJwtProj.Controllers.UserController.GetUserswithDapper() in E:\NgCore\NgCoreJwtProj\NgCoreJwtProj\Controllers\UserController.cs:line 65
----------------------------------------
18-07-2019 15:50:41
System.InvalidOperationException: The ConnectionString property has not been initialized.
   at System.Data.SqlClient.SqlConnection.PermissionDemand()
   at System.Data.SqlClient.SqlConnectionFactory.PermissionDemand(DbConnection outerConnection)
   at System.Data.ProviderBase.DbConnectionInternal.TryOpenConnectionInternal(DbConnection outerConnection, DbConnectionFactory connectionFactory, TaskCompletionSource`1 retry, DbConnectionOptions userOptions)
   at System.Data.ProviderBase.DbConnectionClosed.TryOpenConnection(DbConnection outerConnection, DbConnectionFactory connectionFactory, TaskCompletionSource`1 retry, DbConnectionOptions userOptions)
   at System.Data.SqlClient.SqlConnection.TryOpen(TaskCompletionSource`1 retry)
   at System.Data.SqlClient.SqlConnection.Open()
   at Dapper.SqlMapper.QueryMultipleImpl(IDbConnection cnn, CommandDefinition& command) in C:\projects\dapper\Dapper\SqlMapper.cs:line 1020
   at Dapper.SqlMapper.QueryMultiple(IDbConnection cnn, String sql, Object param, IDbTransaction transaction, Nullable`1 commandTimeout, Nullable`1 commandType) in C:\projects\dapper\Dapper\SqlMapper.cs:line 998
   at DataLayer.Data.UserData.GetUserswithDapper() in E:\NgCore\NgCoreJwtProj\DataLayer\Data\UserData.cs:line 99
   at NgCoreJwtProj.Controllers.UserController.GetUserswithDapper() in E:\NgCore\NgCoreJwtProj\NgCoreJwtProj\Controllers\UserController.cs:line 65
----------------------------------------
18-07-2019 15:52:16
System.InvalidOperationException: The ConnectionString property has not been initialized.
   at System.Data.SqlClient.SqlConnection.PermissionDemand()
   at System.Data.SqlClient.SqlConnectionFactory.PermissionDemand(DbConnection outerConnection)
   at System.Data.ProviderBase.DbConnectionInternal.TryOpenConnectionInternal(DbConnection outerConnection, DbConnectionFactory connectionFactory, TaskCompletionSource`1 retry, DbConnectionOptions userOptions)
   at System.Data.ProviderBase.DbConnectionClosed.TryOpenConnection(DbConnection outerConnection, DbConnectionFactory connectionFactory, TaskCompletionSource`1 retry, DbConnectionOptions userOptions)
   at System.Data.SqlClient.SqlConnection.TryOpen(TaskCompletionSource`1 retry)
   at System.Data.SqlClient.SqlConnection.Open()
   at Dapper.SqlMapper.QueryMultipleImpl(IDbConnection cnn, CommandDefinition& command) in C:\projects\dapper\Dapper\SqlMapper.cs:line 1020
   at Dapper.SqlMapper.QueryMultiple(IDbConnection cnn, String sql, Object param, IDbTransaction transaction, Nullable`1 commandTimeout, Nullable`1 commandType) in C:\projects\dapper\Dapper\SqlMapper.cs:line 998
   at DataLayer.Data.UserData.GetUserswithDapper() in E:\NgCore\NgCoreJwtProj\DataLayer\Data\UserData.cs:line 98
   at NgCoreJwtProj.Controllers.UserController.GetUserswithDapper() in E:\NgCore\NgCoreJwtProj\NgCoreJwtProj\Controllers\UserController.cs:line 67
----------------------------------------
18-07-2019 15:52:50
System.InvalidOperationException: The ConnectionString property has not been initialized.
   at System.Data.SqlClient.SqlConnection.PermissionDemand()
   at System.Data.SqlClient.SqlConnectionFactory.PermissionDemand(DbConnection outerConnection)
   at System.Data.ProviderBase.DbConnectionInternal.TryOpenConnectionInternal(DbConnection outerConnection, DbConnectionFactory connectionFactory, TaskCompletionSource`1 retry, DbConnectionOptions userOptions)
   at System.Data.ProviderBase.DbConnectionClosed.TryOpenConnection(DbConnection outerConnection, DbConnectionFactory connectionFactory, TaskCompletionSource`1 retry, DbConnectionOptions userOptions)
   at System.Data.SqlClient.SqlConnection.TryOpen(TaskCompletionSource`1 retry)
   at System.Data.SqlClient.SqlConnection.Open()
   at Dapper.SqlMapper.QueryMultipleImpl(IDbConnection cnn, CommandDefinition& command) in C:\projects\dapper\Dapper\SqlMapper.cs:line 1020
   at Dapper.SqlMapper.QueryMultiple(IDbConnection cnn, String sql, Object param, IDbTransaction transaction, Nullable`1 commandTimeout, Nullable`1 commandType) in C:\projects\dapper\Dapper\SqlMapper.cs:line 998
   at DataLayer.Data.UserData.GetUserswithDapper() in E:\NgCore\NgCoreJwtProj\DataLayer\Data\UserData.cs:line 98
   at NgCoreJwtProj.Controllers.UserController.GetUserswithDapper() in E:\NgCore\NgCoreJwtProj\NgCoreJwtProj\Controllers\UserController.cs:line 67
----------------------------------------
18-07-2019 16:03:38
System.InvalidOperationException: The ConnectionString property has not been initialized.
   at System.Data.SqlClient.SqlConnection.PermissionDemand()
   at System.Data.SqlClient.SqlConnectionFactory.PermissionDemand(DbConnection outerConnection)
   at System.Data.ProviderBase.DbConnectionInternal.TryOpenConnectionInternal(DbConnection outerConnection, DbConnectionFactory connectionFactory, TaskCompletionSource`1 retry, DbConnectionOptions userOptions)
   at System.Data.ProviderBase.DbConnectionClosed.TryOpenConnection(DbConnection outerConnection, DbConnectionFactory connectionFactory, TaskCompletionSource`1 retry, DbConnectionOptions userOptions)
   at System.Data.SqlClient.SqlConnection.TryOpen(TaskCompletionSource`1 retry)
   at System.Data.SqlClient.SqlConnection.Open()
   at Dapper.SqlMapper.QueryMultipleImpl(IDbConnection cnn, CommandDefinition& command) in C:\projects\dapper\Dapper\SqlMapper.cs:line 1020
   at Dapper.SqlMapper.QueryMultiple(IDbConnection cnn, String sql, Object param, IDbTransaction transaction, Nullable`1 commandTimeout, Nullable`1 commandType) in C:\projects\dapper\Dapper\SqlMapper.cs:line 998
   at DataLayer.Data.UserData.GetUserswithDapper() in E:\NgCore\NgCoreJwtProj\DataLayer\Data\UserData.cs:line 100
   at NgCoreJwtProj.Controllers.UserController.GetUserswithDapper() in E:\NgCore\NgCoreJwtProj\NgCoreJwtProj\Controllers\UserController.cs:line 65
----------------------------------------
18-07-2019 16:32:28
System.Data.SqlClient.SqlException (0x80131904): Cannot insert the value NULL into column 'isDeleted', table 'myCoreDb.dbo.tblUser'; column does not allow nulls. INSERT fails.
The statement has been terminated.
   at System.Data.SqlClient.SqlConnection.OnError(SqlException exception, Boolean breakConnection, Action`1 wrapCloseInAction)
   at System.Data.SqlClient.SqlInternalConnection.OnError(SqlException exception, Boolean breakConnection, Action`1 wrapCloseInAction)
   at System.Data.SqlClient.TdsParser.ThrowExceptionAndWarning(TdsParserStateObject stateObj, Boolean callerHasConnectionLock, Boolean asyncClose)
   at System.Data.SqlClient.TdsParser.TryRun(RunBehavior runBehavior, SqlCommand cmdHandler, SqlDataReader dataStream, BulkCopySimpleResultSet bulkCopyHandler, TdsParserStateObject stateObj, Boolean& dataReady)
   at System.Data.SqlClient.SqlDataReader.TryConsumeMetaData()
   at System.Data.SqlClient.SqlDataReader.get_MetaData()
   at System.Data.SqlClient.SqlCommand.FinishExecuteReader(SqlDataReader ds, RunBehavior runBehavior, String resetOptionsString)
   at System.Data.SqlClient.SqlCommand.RunExecuteReaderTds(CommandBehavior cmdBehavior, RunBehavior runBehavior, Boolean returnStream, Boolean async, Int32 timeout, Task& task, Boolean asyncWrite, SqlDataReader ds)
   at System.Data.SqlClient.SqlCommand.RunExecuteReader(CommandBehavior cmdBehavior, RunBehavior runBehavior, Boolean returnStream, TaskCompletionSource`1 completion, Int32 timeout, Task& task, Boolean asyncWrite, String method)
   at System.Data.SqlClient.SqlCommand.ExecuteReader(CommandBehavior behavior)
   at System.Data.SqlClient.SqlCommand.ExecuteDbDataReader(CommandBehavior behavior)
   at System.Data.Common.DbCommand.System.Data.IDbCommand.ExecuteReader(CommandBehavior behavior)
   at Dapper.SqlMapper.ExecuteReaderWithFlagsFallback(IDbCommand cmd, Boolean wasClosed, CommandBehavior behavior) in C:\projects\dapper\Dapper\SqlMapper.cs:line 1053
   at Dapper.SqlMapper.QueryImpl[T](IDbConnection cnn, CommandDefinition command, Type effectiveType)+MoveNext() in C:\projects\dapper\Dapper\SqlMapper.cs:line 1081
   at System.Collections.Generic.List`1.AddEnumerable(IEnumerable`1 enumerable)
   at System.Linq.Enumerable.ToList[TSource](IEnumerable`1 source)
   at Dapper.SqlMapper.Query[T](IDbConnection cnn, String sql, Object param, IDbTransaction transaction, Boolean buffered, Nullable`1 commandTimeout, Nullable`1 commandType) in C:\projects\dapper\Dapper\SqlMapper.cs:line 723
   at Dapper.SqlMapper.Query(IDbConnection cnn, String sql, Object param, IDbTransaction transaction, Boolean buffered, Nullable`1 commandTimeout, Nullable`1 commandType) in C:\projects\dapper\Dapper\SqlMapper.cs:line 650
   at DataLayer.Data.UserData.InsertUserDapper(User user) in E:\NgCore\NgCoreJwtProj\DataLayer\Data\UserData.cs:line 154
   at NgCoreJwtProj.Controllers.UserController.InsertUserDapper(User user) in E:\NgCore\NgCoreJwtProj\NgCoreJwtProj\Controllers\UserController.cs:line 131
ClientConnectionId:dd2d5ab6-aebc-464a-9922-7d2d9e2d53a8
Error Number:515,State:2,Class:16
----------------------------------------
18-07-2019 16:34:46
System.Data.SqlClient.SqlException (0x80131904): Procedure or function InsertUser has too many arguments specified.
   at System.Data.SqlClient.SqlConnection.OnError(SqlException exception, Boolean breakConnection, Action`1 wrapCloseInAction)
   at System.Data.SqlClient.SqlInternalConnection.OnError(SqlException exception, Boolean breakConnection, Action`1 wrapCloseInAction)
   at System.Data.SqlClient.TdsParser.ThrowExceptionAndWarning(TdsParserStateObject stateObj, Boolean callerHasConnectionLock, Boolean asyncClose)
   at System.Data.SqlClient.TdsParser.TryRun(RunBehavior runBehavior, SqlCommand cmdHandler, SqlDataReader dataStream, BulkCopySimpleResultSet bulkCopyHandler, TdsParserStateObject stateObj, Boolean& dataReady)
   at System.Data.SqlClient.SqlDataReader.TryConsumeMetaData()
   at System.Data.SqlClient.SqlDataReader.get_MetaData()
   at System.Data.SqlClient.SqlCommand.FinishExecuteReader(SqlDataReader ds, RunBehavior runBehavior, String resetOptionsString)
   at System.Data.SqlClient.SqlCommand.RunExecuteReaderTds(CommandBehavior cmdBehavior, RunBehavior runBehavior, Boolean returnStream, Boolean async, Int32 timeout, Task& task, Boolean asyncWrite, SqlDataReader ds)
   at System.Data.SqlClient.SqlCommand.RunExecuteReader(CommandBehavior cmdBehavior, RunBehavior runBehavior, Boolean returnStream, TaskCompletionSource`1 completion, Int32 timeout, Task& task, Boolean asyncWrite, String method)
   at System.Data.SqlClient.SqlCommand.ExecuteReader(CommandBehavior behavior)
   at System.Data.SqlClient.SqlCommand.ExecuteDbDataReader(CommandBehavior behavior)
   at System.Data.Common.DbCommand.System.Data.IDbCommand.ExecuteReader(CommandBehavior behavior)
   at Dapper.SqlMapper.ExecuteReaderWithFlagsFallback(IDbCommand cmd, Boolean wasClosed, CommandBehavior behavior) in C:\projects\dapper\Dapper\SqlMapper.cs:line 1053
   at Dapper.SqlMapper.QueryImpl[T](IDbConnection cnn, CommandDefinition command, Type effectiveType)+MoveNext() in C:\projects\dapper\Dapper\SqlMapper.cs:line 1081
   at System.Collections.Generic.List`1.AddEnumerable(IEnumerable`1 enumerable)
   at System.Linq.Enumerable.ToList[TSource](IEnumerable`1 source)
   at Dapper.SqlMapper.Query[T](IDbConnection cnn, String sql, Object param, IDbTransaction transaction, Boolean buffered, Nullable`1 commandTimeout, Nullable`1 commandType) in C:\projects\dapper\Dapper\SqlMapper.cs:line 723
   at Dapper.SqlMapper.Query(IDbConnection cnn, String sql, Object param, IDbTransaction transaction, Boolean buffered, Nullable`1 commandTimeout, Nullable`1 commandType) in C:\projects\dapper\Dapper\SqlMapper.cs:line 650
   at DataLayer.Data.UserData.InsertUserDapper(User user) in E:\NgCore\NgCoreJwtProj\DataLayer\Data\UserData.cs:line 155
   at NgCoreJwtProj.Controllers.UserController.InsertUserDapper(User user) in E:\NgCore\NgCoreJwtProj\NgCoreJwtProj\Controllers\UserController.cs:line 131
ClientConnectionId:7e891b3c-f63f-434a-baa1-f32d79ed8378
Error Number:8144,State:2,Class:16
----------------------------------------
18-07-2019 16:48:55
System.InvalidOperationException: Invalid operation. The connection is closed.
   at System.Data.SqlClient.SqlConnection.GetOpenTdsConnection()
   at System.Data.SqlClient.SqlConnection.BeginTransaction(IsolationLevel iso, String transactionName)
   at System.Data.SqlClient.SqlConnection.BeginTransaction()
   at DataLayer.Data.UserData.InsertUserDapper(User user) in E:\NgCore\NgCoreJwtProj\DataLayer\Data\UserData.cs:line 148
   at NgCoreJwtProj.Controllers.UserController.InsertUserDapper(User user) in E:\NgCore\NgCoreJwtProj\NgCoreJwtProj\Controllers\UserController.cs:line 131
----------------------------------------
18-07-2019 16:49:06
System.InvalidOperationException: Invalid operation. The connection is closed.
   at System.Data.SqlClient.SqlConnection.GetOpenTdsConnection()
   at System.Data.SqlClient.SqlConnection.BeginTransaction(IsolationLevel iso, String transactionName)
   at System.Data.SqlClient.SqlConnection.BeginTransaction()
   at DataLayer.Data.UserData.InsertUserDapper(User user) in E:\NgCore\NgCoreJwtProj\DataLayer\Data\UserData.cs:line 148
   at NgCoreJwtProj.Controllers.UserController.InsertUserDapper(User user) in E:\NgCore\NgCoreJwtProj\NgCoreJwtProj\Controllers\UserController.cs:line 131
----------------------------------------
18-07-2019 16:50:45
System.InvalidOperationException: ExecuteReader requires the command to have a transaction when the connection assigned to the command is in a pending local transaction.  The Transaction property of the command has not been initialized.
   at System.Data.SqlClient.SqlCommand.ValidateCommand(Boolean async, String method)
   at System.Data.SqlClient.SqlCommand.RunExecuteReader(CommandBehavior cmdBehavior, RunBehavior runBehavior, Boolean returnStream, TaskCompletionSource`1 completion, Int32 timeout, Task& task, Boolean asyncWrite, String method)
   at System.Data.SqlClient.SqlCommand.ExecuteReader(CommandBehavior behavior)
   at System.Data.SqlClient.SqlCommand.ExecuteDbDataReader(CommandBehavior behavior)
   at System.Data.Common.DbCommand.System.Data.IDbCommand.ExecuteReader(CommandBehavior behavior)
   at Dapper.SqlMapper.ExecuteReaderWithFlagsFallback(IDbCommand cmd, Boolean wasClosed, CommandBehavior behavior) in C:\projects\dapper\Dapper\SqlMapper.cs:line 1053
   at Dapper.SqlMapper.QueryImpl[T](IDbConnection cnn, CommandDefinition command, Type effectiveType)+MoveNext() in C:\projects\dapper\Dapper\SqlMapper.cs:line 1081
   at System.Collections.Generic.List`1.AddEnumerable(IEnumerable`1 enumerable)
   at System.Linq.Enumerable.ToList[TSource](IEnumerable`1 source)
   at Dapper.SqlMapper.Query[T](IDbConnection cnn, String sql, Object param, IDbTransaction transaction, Boolean buffered, Nullable`1 commandTimeout, Nullable`1 commandType) in C:\projects\dapper\Dapper\SqlMapper.cs:line 723
   at Dapper.SqlMapper.Query(IDbConnection cnn, String sql, Object param, IDbTransaction transaction, Boolean buffered, Nullable`1 commandTimeout, Nullable`1 commandType) in C:\projects\dapper\Dapper\SqlMapper.cs:line 650
   at DataLayer.Data.UserData.InsertUserDapper(User user) in E:\NgCore\NgCoreJwtProj\DataLayer\Data\UserData.cs:line 156
   at NgCoreJwtProj.Controllers.UserController.InsertUserDapper(User user) in E:\NgCore\NgCoreJwtProj\NgCoreJwtProj\Controllers\UserController.cs:line 131
----------------------------------------
18-07-2019 16:59:48
System.Data.SqlClient.SqlException (0x80131904): Cannot insert the value NULL into column 'isDeleted', table 'myCoreDb.dbo.tblUser'; column does not allow nulls. INSERT fails.
The statement has been terminated.
   at System.Data.SqlClient.SqlConnection.OnError(SqlException exception, Boolean breakConnection, Action`1 wrapCloseInAction)
   at System.Data.SqlClient.SqlInternalConnection.OnError(SqlException exception, Boolean breakConnection, Action`1 wrapCloseInAction)
   at System.Data.SqlClient.TdsParser.ThrowExceptionAndWarning(TdsParserStateObject stateObj, Boolean callerHasConnectionLock, Boolean asyncClose)
   at System.Data.SqlClient.TdsParser.TryRun(RunBehavior runBehavior, SqlCommand cmdHandler, SqlDataReader dataStream, BulkCopySimpleResultSet bulkCopyHandler, TdsParserStateObject stateObj, Boolean& dataReady)
   at System.Data.SqlClient.SqlDataReader.TryConsumeMetaData()
   at System.Data.SqlClient.SqlDataReader.get_MetaData()
   at System.Data.SqlClient.SqlCommand.FinishExecuteReader(SqlDataReader ds, RunBehavior runBehavior, String resetOptionsString)
   at System.Data.SqlClient.SqlCommand.RunExecuteReaderTds(CommandBehavior cmdBehavior, RunBehavior runBehavior, Boolean returnStream, Boolean async, Int32 timeout, Task& task, Boolean asyncWrite, SqlDataReader ds)
   at System.Data.SqlClient.SqlCommand.RunExecuteReader(CommandBehavior cmdBehavior, RunBehavior runBehavior, Boolean returnStream, TaskCompletionSource`1 completion, Int32 timeout, Task& task, Boolean asyncWrite, String method)
   at System.Data.SqlClient.SqlCommand.ExecuteReader(CommandBehavior behavior)
   at System.Data.SqlClient.SqlCommand.ExecuteDbDataReader(CommandBehavior behavior)
   at System.Data.Common.DbCommand.System.Data.IDbCommand.ExecuteReader(CommandBehavior behavior)
   at Dapper.SqlMapper.ExecuteReaderWithFlagsFallback(IDbCommand cmd, Boolean wasClosed, CommandBehavior behavior) in C:\projects\dapper\Dapper\SqlMapper.cs:line 1053
   at Dapper.SqlMapper.QueryImpl[T](IDbConnection cnn, CommandDefinition command, Type effectiveType)+MoveNext() in C:\projects\dapper\Dapper\SqlMapper.cs:line 1081
   at System.Collections.Generic.List`1.AddEnumerable(IEnumerable`1 enumerable)
   at System.Linq.Enumerable.ToList[TSource](IEnumerable`1 source)
   at Dapper.SqlMapper.Query[T](IDbConnection cnn, String sql, Object param, IDbTransaction transaction, Boolean buffered, Nullable`1 commandTimeout, Nullable`1 commandType) in C:\projects\dapper\Dapper\SqlMapper.cs:line 723
   at Dapper.SqlMapper.Query(IDbConnection cnn, String sql, Object param, IDbTransaction transaction, Boolean buffered, Nullable`1 commandTimeout, Nullable`1 commandType) in C:\projects\dapper\Dapper\SqlMapper.cs:line 650
   at DataLayer.Data.UserData.InsertUserDapper(User user) in E:\NgCore\NgCoreJwtProj\DataLayer\Data\UserData.cs:line 157
   at NgCoreJwtProj.Controllers.UserController.InsertUserDapper(User user) in E:\NgCore\NgCoreJwtProj\NgCoreJwtProj\Controllers\UserController.cs:line 131
ClientConnectionId:2df11687-8839-4b66-97c0-c1be051d8456
Error Number:515,State:2,Class:16
----------------------------------------
18-07-2019 17:03:23
System.Data.SqlClient.SqlException (0x80131904): Cannot insert the value NULL into column 'isDeleted', table 'myCoreDb.dbo.tblUser'; column does not allow nulls. INSERT fails.
The statement has been terminated.
   at System.Data.SqlClient.SqlConnection.OnError(SqlException exception, Boolean breakConnection, Action`1 wrapCloseInAction)
   at System.Data.SqlClient.SqlInternalConnection.OnError(SqlException exception, Boolean breakConnection, Action`1 wrapCloseInAction)
   at System.Data.SqlClient.TdsParser.ThrowExceptionAndWarning(TdsParserStateObject stateObj, Boolean callerHasConnectionLock, Boolean asyncClose)
   at System.Data.SqlClient.TdsParser.TryRun(RunBehavior runBehavior, SqlCommand cmdHandler, SqlDataReader dataStream, BulkCopySimpleResultSet bulkCopyHandler, TdsParserStateObject stateObj, Boolean& dataReady)
   at System.Data.SqlClient.SqlDataReader.TryConsumeMetaData()
   at System.Data.SqlClient.SqlDataReader.get_MetaData()
   at System.Data.SqlClient.SqlCommand.FinishExecuteReader(SqlDataReader ds, RunBehavior runBehavior, String resetOptionsString)
   at System.Data.SqlClient.SqlCommand.RunExecuteReaderTds(CommandBehavior cmdBehavior, RunBehavior runBehavior, Boolean returnStream, Boolean async, Int32 timeout, Task& task, Boolean asyncWrite, SqlDataReader ds)
   at System.Data.SqlClient.SqlCommand.RunExecuteReader(CommandBehavior cmdBehavior, RunBehavior runBehavior, Boolean returnStream, TaskCompletionSource`1 completion, Int32 timeout, Task& task, Boolean asyncWrite, String method)
   at System.Data.SqlClient.SqlCommand.ExecuteReader(CommandBehavior behavior)
   at System.Data.SqlClient.SqlCommand.ExecuteDbDataReader(CommandBehavior behavior)
   at System.Data.Common.DbCommand.System.Data.IDbCommand.ExecuteReader(CommandBehavior behavior)
   at Dapper.SqlMapper.ExecuteReaderWithFlagsFallback(IDbCommand cmd, Boolean wasClosed, CommandBehavior behavior) in C:\projects\dapper\Dapper\SqlMapper.cs:line 1053
   at Dapper.SqlMapper.QueryImpl[T](IDbConnection cnn, CommandDefinition command, Type effectiveType)+MoveNext() in C:\projects\dapper\Dapper\SqlMapper.cs:line 1081
   at System.Collections.Generic.List`1.AddEnumerable(IEnumerable`1 enumerable)
   at System.Linq.Enumerable.ToList[TSource](IEnumerable`1 source)
   at Dapper.SqlMapper.Query[T](IDbConnection cnn, String sql, Object param, IDbTransaction transaction, Boolean buffered, Nullable`1 commandTimeout, Nullable`1 commandType) in C:\projects\dapper\Dapper\SqlMapper.cs:line 723
   at Dapper.SqlMapper.Query(IDbConnection cnn, String sql, Object param, IDbTransaction transaction, Boolean buffered, Nullable`1 commandTimeout, Nullable`1 commandType) in C:\projects\dapper\Dapper\SqlMapper.cs:line 650
   at DataLayer.Data.UserData.InsertUserDapper(User user) in E:\NgCore\NgCoreJwtProj\DataLayer\Data\UserData.cs:line 158
   at NgCoreJwtProj.Controllers.UserController.InsertUserDapper(User user) in E:\NgCore\NgCoreJwtProj\NgCoreJwtProj\Controllers\UserController.cs:line 131
ClientConnectionId:8fcb6ca0-2c0f-43c3-bafa-1a5b2aa5d93d
Error Number:515,State:2,Class:16
----------------------------------------
18-07-2019 17:03:41
System.Data.SqlClient.SqlException (0x80131904): Cannot insert the value NULL into column 'isDeleted', table 'myCoreDb.dbo.tblUser'; column does not allow nulls. INSERT fails.
The statement has been terminated.
   at System.Data.SqlClient.SqlConnection.OnError(SqlException exception, Boolean breakConnection, Action`1 wrapCloseInAction)
   at System.Data.SqlClient.SqlInternalConnection.OnError(SqlException exception, Boolean breakConnection, Action`1 wrapCloseInAction)
   at System.Data.SqlClient.TdsParser.ThrowExceptionAndWarning(TdsParserStateObject stateObj, Boolean callerHasConnectionLock, Boolean asyncClose)
   at System.Data.SqlClient.TdsParser.TryRun(RunBehavior runBehavior, SqlCommand cmdHandler, SqlDataReader dataStream, BulkCopySimpleResultSet bulkCopyHandler, TdsParserStateObject stateObj, Boolean& dataReady)
   at System.Data.SqlClient.SqlDataReader.TryConsumeMetaData()
   at System.Data.SqlClient.SqlDataReader.get_MetaData()
   at System.Data.SqlClient.SqlCommand.FinishExecuteReader(SqlDataReader ds, RunBehavior runBehavior, String resetOptionsString)
   at System.Data.SqlClient.SqlCommand.RunExecuteReaderTds(CommandBehavior cmdBehavior, RunBehavior runBehavior, Boolean returnStream, Boolean async, Int32 timeout, Task& task, Boolean asyncWrite, SqlDataReader ds)
   at System.Data.SqlClient.SqlCommand.RunExecuteReader(CommandBehavior cmdBehavior, RunBehavior runBehavior, Boolean returnStream, TaskCompletionSource`1 completion, Int32 timeout, Task& task, Boolean asyncWrite, String method)
   at System.Data.SqlClient.SqlCommand.ExecuteReader(CommandBehavior behavior)
   at System.Data.SqlClient.SqlCommand.ExecuteDbDataReader(CommandBehavior behavior)
   at System.Data.Common.DbCommand.System.Data.IDbCommand.ExecuteReader(CommandBehavior behavior)
   at Dapper.SqlMapper.ExecuteReaderWithFlagsFallback(IDbCommand cmd, Boolean wasClosed, CommandBehavior behavior) in C:\projects\dapper\Dapper\SqlMapper.cs:line 1053
   at Dapper.SqlMapper.QueryImpl[T](IDbConnection cnn, CommandDefinition command, Type effectiveType)+MoveNext() in C:\projects\dapper\Dapper\SqlMapper.cs:line 1081
   at System.Collections.Generic.List`1.AddEnumerable(IEnumerable`1 enumerable)
   at System.Linq.Enumerable.ToList[TSource](IEnumerable`1 source)
   at Dapper.SqlMapper.Query[T](IDbConnection cnn, String sql, Object param, IDbTransaction transaction, Boolean buffered, Nullable`1 commandTimeout, Nullable`1 commandType) in C:\projects\dapper\Dapper\SqlMapper.cs:line 723
   at Dapper.SqlMapper.Query(IDbConnection cnn, String sql, Object param, IDbTransaction transaction, Boolean buffered, Nullable`1 commandTimeout, Nullable`1 commandType) in C:\projects\dapper\Dapper\SqlMapper.cs:line 650
   at DataLayer.Data.UserData.InsertUserDapper(User user) in E:\NgCore\NgCoreJwtProj\DataLayer\Data\UserData.cs:line 158
   at NgCoreJwtProj.Controllers.UserController.InsertUserDapper(User user) in E:\NgCore\NgCoreJwtProj\NgCoreJwtProj\Controllers\UserController.cs:line 131
ClientConnectionId:8fcb6ca0-2c0f-43c3-bafa-1a5b2aa5d93d
Error Number:515,State:2,Class:16
----------------------------------------
18-07-2019 17:07:47
System.NullReferenceException: Object reference not set to an instance of an object.
   at DataLayer.Data.UserData.InsertUserDapper(User user) in E:\NgCore\NgCoreJwtProj\DataLayer\Data\UserData.cs:line 175
   at NgCoreJwtProj.Controllers.UserController.InsertUserDapper(User user) in E:\NgCore\NgCoreJwtProj\NgCoreJwtProj\Controllers\UserController.cs:line 131
----------------------------------------
18-07-2019 17:07:54
System.NullReferenceException: Object reference not set to an instance of an object.
   at DataLayer.Data.UserData.InsertUserDapper(User user) in E:\NgCore\NgCoreJwtProj\DataLayer\Data\UserData.cs:line 175
   at NgCoreJwtProj.Controllers.UserController.InsertUserDapper(User user) in E:\NgCore\NgCoreJwtProj\NgCoreJwtProj\Controllers\UserController.cs:line 131
----------------------------------------
18-07-2019 17:07:59
System.NullReferenceException: Object reference not set to an instance of an object.
   at DataLayer.Data.UserData.InsertUserDapper(User user) in E:\NgCore\NgCoreJwtProj\DataLayer\Data\UserData.cs:line 175
   at NgCoreJwtProj.Controllers.UserController.InsertUserDapper(User user) in E:\NgCore\NgCoreJwtProj\NgCoreJwtProj\Controllers\UserController.cs:line 131
----------------------------------------
18-07-2019 17:08:04
System.NullReferenceException: Object reference not set to an instance of an object.
   at DataLayer.Data.UserData.InsertUserDapper(User user) in E:\NgCore\NgCoreJwtProj\DataLayer\Data\UserData.cs:line 175
   at NgCoreJwtProj.Controllers.UserController.InsertUserDapper(User user) in E:\NgCore\NgCoreJwtProj\NgCoreJwtProj\Controllers\UserController.cs:line 131
----------------------------------------
18-07-2019 17:08:24
System.NullReferenceException: Object reference not set to an instance of an object.
   at DataLayer.Data.UserData.InsertUserDapper(User user) in E:\NgCore\NgCoreJwtProj\DataLayer\Data\UserData.cs:line 175
   at NgCoreJwtProj.Controllers.UserController.InsertUserDapper(User user) in E:\NgCore\NgCoreJwtProj\NgCoreJwtProj\Controllers\UserController.cs:line 131
----------------------------------------
18-07-2019 17:10:17
System.InvalidOperationException: The ConnectionString property has not been initialized.
   at System.Data.SqlClient.SqlConnection.PermissionDemand()
   at System.Data.SqlClient.SqlConnectionFactory.PermissionDemand(DbConnection outerConnection)
   at System.Data.ProviderBase.DbConnectionInternal.TryOpenConnectionInternal(DbConnection outerConnection, DbConnectionFactory connectionFactory, TaskCompletionSource`1 retry, DbConnectionOptions userOptions)
   at System.Data.ProviderBase.DbConnectionClosed.TryOpenConnection(DbConnection outerConnection, DbConnectionFactory connectionFactory, TaskCompletionSource`1 retry, DbConnectionOptions userOptions)
   at System.Data.SqlClient.SqlConnection.TryOpen(TaskCompletionSource`1 retry)
   at System.Data.SqlClient.SqlConnection.Open()
   at Dapper.SqlMapper.QueryMultipleImpl(IDbConnection cnn, CommandDefinition& command) in C:\projects\dapper\Dapper\SqlMapper.cs:line 1020
   at Dapper.SqlMapper.QueryMultiple(IDbConnection cnn, String sql, Object param, IDbTransaction transaction, Nullable`1 commandTimeout, Nullable`1 commandType) in C:\projects\dapper\Dapper\SqlMapper.cs:line 998
   at DataLayer.Data.UserData.GetUserswithDapper() in E:\NgCore\NgCoreJwtProj\DataLayer\Data\UserData.cs:line 94
   at NgCoreJwtProj.Controllers.UserController.GetUserswithDapper() in E:\NgCore\NgCoreJwtProj\NgCoreJwtProj\Controllers\UserController.cs:line 64
----------------------------------------
18-07-2019 17:10:32
System.InvalidOperationException: The ConnectionString property has not been initialized.
   at System.Data.SqlClient.SqlConnection.PermissionDemand()
   at System.Data.SqlClient.SqlConnectionFactory.PermissionDemand(DbConnection outerConnection)
   at System.Data.ProviderBase.DbConnectionInternal.TryOpenConnectionInternal(DbConnection outerConnection, DbConnectionFactory connectionFactory, TaskCompletionSource`1 retry, DbConnectionOptions userOptions)
   at System.Data.ProviderBase.DbConnectionClosed.TryOpenConnection(DbConnection outerConnection, DbConnectionFactory connectionFactory, TaskCompletionSource`1 retry, DbConnectionOptions userOptions)
   at System.Data.SqlClient.SqlConnection.TryOpen(TaskCompletionSource`1 retry)
   at System.Data.SqlClient.SqlConnection.Open()
   at Dapper.SqlMapper.QueryImpl[T](IDbConnection cnn, CommandDefinition command, Type effectiveType)+MoveNext() in C:\projects\dapper\Dapper\SqlMapper.cs:line 1081
   at System.Collections.Generic.List`1.AddEnumerable(IEnumerable`1 enumerable)
   at System.Linq.Enumerable.ToList[TSource](IEnumerable`1 source)
   at Dapper.SqlMapper.Query[T](IDbConnection cnn, String sql, Object param, IDbTransaction transaction, Boolean buffered, Nullable`1 commandTimeout, Nullable`1 commandType) in C:\projects\dapper\Dapper\SqlMapper.cs:line 723
   at DataLayer.Data.UserData.GetUserByIdDapper(Int32 id) in E:\NgCore\NgCoreJwtProj\DataLayer\Data\UserData.cs:line 114
   at NgCoreJwtProj.Controllers.UserController.GetUsersbyIdDapper(Int32 id) in E:\NgCore\NgCoreJwtProj\NgCoreJwtProj\Controllers\UserController.cs:line 98
----------------------------------------
18-07-2019 17:26:54
System.InvalidOperationException: Sequence contains no elements
   at System.Linq.Enumerable.Single[TSource](IEnumerable`1 source)
   at DataLayer.Data.UserData.DeleteUserDapper(Int32 id) in E:\NgCore\NgCoreJwtProj\DataLayer\Data\UserData.cs:line 131
   at NgCoreJwtProj.Controllers.UserController.DeleteUserDapper(Int32 id) in E:\NgCore\NgCoreJwtProj\NgCoreJwtProj\Controllers\UserController.cs:line 113
----------------------------------------
18-07-2019 17:27:47
Microsoft.CSharp.RuntimeBinder.RuntimeBinderException: Cannot perform runtime binding on a null reference
   at CallSite.Target(Closure , CallSite , Object )
   at System.Dynamic.UpdateDelegates.UpdateAndExecute1[T0,TRet](CallSite site, T0 arg0)
   at DataLayer.Data.UserData.DeleteUserDapper(Int32 id) in E:\NgCore\NgCoreJwtProj\DataLayer\Data\UserData.cs:line 133
   at NgCoreJwtProj.Controllers.UserController.DeleteUserDapper(Int32 id) in E:\NgCore\NgCoreJwtProj\NgCoreJwtProj\Controllers\UserController.cs:line 113
